<?xml version="1.0" encoding="UTF-8"?>
<!-- Generated by org.testng.reporters.JUnitReportReporter -->
<testsuite skipped="1" hostname="LAPTOP-3Q9FF48L" name="com.testng.login.demo.LaunchApp" tests="2" failures="0" timestamp="23 May 2020 23:05:47 GMT" time="15.506" errors="1">
  <testcase name="launchBrowser" time="15.506" classname="com.testng.login.demo.LaunchApp">
    <error type="org.openqa.selenium.SessionNotCreatedException" message="session not created
from chrome not reachable
  (Session info: chrome=83.0.4103.61)
Build info: version: &#039;3.141.0&#039;, revision: &#039;2ecb7d9a&#039;, time: &#039;2018-10-31T20:09:30&#039;
System info: host: &#039;LAPTOP-3Q9FF48L&#039;, ip: &#039;192.168.0.107&#039;, os.name: &#039;Windows 10&#039;, os.arch: &#039;amd64&#039;, os.version: &#039;10.0&#039;, java.version: &#039;1.8.0_161&#039;
Driver info: driver.version: ChromeDriver
remote stacktrace: Backtrace:
	Ordinal0 [0x002D9563+2725219]
	Ordinal0 [0x001D8551+1672529]
	Ordinal0 [0x000C0202+524802]
	Ordinal0 [0x000B99B2+498098]
	Ordinal0 [0x000BA09B+499867]
	Ordinal0 [0x000BAFF5+503797]
	Ordinal0 [0x000B6994+485780]
	Ordinal0 [0x000C0FF0+528368]
	Ordinal0 [0x0006D6C9+186057]
	Ordinal0 [0x0006CA3D+182845]
	Ordinal0 [0x0006A94B+174411]
	Ordinal0 [0x00052528+75048]
	Ordinal0 [0x000535A0+79264]
	Ordinal0 [0x00053539+79161]
	Ordinal0 [0x001ED607+1758727]
	GetHandleVerifier [0x003F6546+1050150]
	GetHandleVerifier [0x003F6291+1049457]
	GetHandleVerifier [0x004010D7+1094071]
	GetHandleVerifier [0x003F6B46+1051686]
	Ordinal0 [0x001E5B06+1727238]
	Ordinal0 [0x001EEB7B+1764219]
	Ordinal0 [0x001EECE3+1764579]
	Ordinal0 [0x00204C05+1854469]
	BaseThreadInitThunk [0x773A6359+25]
	RtlGetAppContainerNamedObjectPath [0x778F7C14+228]
	RtlGetAppContainerNamedObjectPath [0x778F7BE4+180]
	(No symbol) [0x00000000]
">
      <![CDATA[org.openqa.selenium.SessionNotCreatedException: session not created
from chrome not reachable
  (Session info: chrome=83.0.4103.61)
Build info: version: '3.141.0', revision: '2ecb7d9a', time: '2018-10-31T20:09:30'
System info: host: 'LAPTOP-3Q9FF48L', ip: '192.168.0.107', os.name: 'Windows 10', os.arch: 'amd64', os.version: '10.0', java.version: '1.8.0_161'
Driver info: driver.version: ChromeDriver
remote stacktrace: Backtrace:
Ordinal0 [0x002D9563+2725219]
Ordinal0 [0x001D8551+1672529]
Ordinal0 [0x000C0202+524802]
Ordinal0 [0x000B99B2+498098]
Ordinal0 [0x000BA09B+499867]
Ordinal0 [0x000BAFF5+503797]
Ordinal0 [0x000B6994+485780]
Ordinal0 [0x000C0FF0+528368]
Ordinal0 [0x0006D6C9+186057]
Ordinal0 [0x0006CA3D+182845]
Ordinal0 [0x0006A94B+174411]
Ordinal0 [0x00052528+75048]
Ordinal0 [0x000535A0+79264]
Ordinal0 [0x00053539+79161]
Ordinal0 [0x001ED607+1758727]
GetHandleVerifier [0x003F6546+1050150]
GetHandleVerifier [0x003F6291+1049457]
GetHandleVerifier [0x004010D7+1094071]
GetHandleVerifier [0x003F6B46+1051686]
Ordinal0 [0x001E5B06+1727238]
Ordinal0 [0x001EEB7B+1764219]
Ordinal0 [0x001EECE3+1764579]
Ordinal0 [0x00204C05+1854469]
BaseThreadInitThunk [0x773A6359+25]
RtlGetAppContainerNamedObjectPath [0x778F7C14+228]
RtlGetAppContainerNamedObjectPath [0x778F7BE4+180]
(No symbol) [0x00000000]

at sun.reflect.NativeConstructorAccessorImpl.newInstance0(Native Method)
at sun.reflect.NativeConstructorAccessorImpl.newInstance(Unknown Source)
at sun.reflect.DelegatingConstructorAccessorImpl.newInstance(Unknown Source)
at java.lang.reflect.Constructor.newInstance(Unknown Source)
at org.openqa.selenium.remote.W3CHandshakeResponse.lambda$errorHandler$0(W3CHandshakeResponse.java:62)
at org.openqa.selenium.remote.HandshakeResponse.lambda$getResponseFunction$0(HandshakeResponse.java:30)
at org.openqa.selenium.remote.ProtocolHandshake.lambda$createSession$0(ProtocolHandshake.java:123)
at java.util.stream.ReferencePipeline$3$1.accept(Unknown Source)
at java.util.Spliterators$ArraySpliterator.tryAdvance(Unknown Source)
at java.util.stream.ReferencePipeline.forEachWithCancel(Unknown Source)
at java.util.stream.AbstractPipeline.copyIntoWithCancel(Unknown Source)
at java.util.stream.AbstractPipeline.copyInto(Unknown Source)
at java.util.stream.AbstractPipeline.wrapAndCopyInto(Unknown Source)
at java.util.stream.FindOps$FindOp.evaluateSequential(Unknown Source)
at java.util.stream.AbstractPipeline.evaluate(Unknown Source)
at java.util.stream.ReferencePipeline.findFirst(Unknown Source)
at org.openqa.selenium.remote.ProtocolHandshake.createSession(ProtocolHandshake.java:125)
at org.openqa.selenium.remote.ProtocolHandshake.createSession(ProtocolHandshake.java:74)
at org.openqa.selenium.remote.HttpCommandExecutor.execute(HttpCommandExecutor.java:136)
at org.openqa.selenium.remote.service.DriverCommandExecutor.execute(DriverCommandExecutor.java:83)
at org.openqa.selenium.remote.RemoteWebDriver.execute(RemoteWebDriver.java:552)
at org.openqa.selenium.remote.RemoteWebDriver.startSession(RemoteWebDriver.java:213)
at org.openqa.selenium.remote.RemoteWebDriver.<init>(RemoteWebDriver.java:131)
at org.openqa.selenium.chrome.ChromeDriver.<init>(ChromeDriver.java:181)
at org.openqa.selenium.chrome.ChromeDriver.<init>(ChromeDriver.java:168)
at org.openqa.selenium.chrome.ChromeDriver.<init>(ChromeDriver.java:123)
at com.testng.login.demo.BrowserUtilitySalesforce.launchBrowser(BrowserUtilitySalesforce.java:21)
at com.testng.login.demo.LaunchApp.launchBrowser(LaunchApp.java:13)
at sun.reflect.NativeMethodAccessorImpl.invoke0(Native Method)
at sun.reflect.NativeMethodAccessorImpl.invoke(Unknown Source)
at sun.reflect.DelegatingMethodAccessorImpl.invoke(Unknown Source)
at java.lang.reflect.Method.invoke(Unknown Source)
at org.testng.internal.MethodInvocationHelper.invokeMethod(MethodInvocationHelper.java:124)
at org.testng.internal.MethodInvocationHelper.invokeMethodConsideringTimeout(MethodInvocationHelper.java:59)
at org.testng.internal.Invoker.invokeConfigurationMethod(Invoker.java:458)
at org.testng.internal.Invoker.invokeConfigurations(Invoker.java:222)
at org.testng.internal.Invoker.invokeMethod(Invoker.java:523)
at org.testng.internal.Invoker.invokeTestMethod(Invoker.java:719)
at org.testng.internal.Invoker.invokeTestMethods(Invoker.java:989)
at org.testng.internal.TestMethodWorker.invokeTestMethods(TestMethodWorker.java:125)
at org.testng.internal.TestMethodWorker.run(TestMethodWorker.java:109)
at org.testng.TestRunner.privateRun(TestRunner.java:648)
at org.testng.TestRunner.run(TestRunner.java:505)
at org.testng.SuiteRunner.runTest(SuiteRunner.java:455)
at org.testng.SuiteRunner.runSequentially(SuiteRunner.java:450)
at org.testng.SuiteRunner.privateRun(SuiteRunner.java:415)
at org.testng.SuiteRunner.run(SuiteRunner.java:364)
at org.testng.SuiteRunnerWorker.runSuite(SuiteRunnerWorker.java:52)
at org.testng.SuiteRunnerWorker.run(SuiteRunnerWorker.java:84)
at org.testng.TestNG.runSuitesSequentially(TestNG.java:1208)
at org.testng.TestNG.runSuitesLocally(TestNG.java:1137)
at org.testng.TestNG.runSuites(TestNG.java:1049)
at org.testng.TestNG.run(TestNG.java:1017)
at org.testng.remote.AbstractRemoteTestNG.run(AbstractRemoteTestNG.java:132)
at org.testng.remote.RemoteTestNG.initAndRun(RemoteTestNG.java:230)
at org.testng.remote.RemoteTestNG.main(RemoteTestNG.java:76)
]]>
    </error>
  </testcase> <!-- launchBrowser -->
  <testcase name="loginBrowser" time="0.000" classname="com.testng.login.demo.LaunchApp">
    <skipped/>
  </testcase> <!-- loginBrowser -->
</testsuite> <!-- com.testng.login.demo.LaunchApp -->
